DJI Model db by ID


[Mini & Spark]
FC3582      Mini 3 Pro
FC3682      Mini 3
FC7303      Mini 2 (JRV)
FC7203      Mini 1 (JRV)
FC1102      Spark

[Mavic] 
FC220 	    Mavic Pro
FC2204 	    Mavic 2 Zoom
L1D-20c     Mavic 2 Pro
L2D-20c     Mavic 3

[Mavic Air] 
FC3411	    Air 2s

[INSPIRE SERIES]
FC350 		X3
FC350H 		X3 OSMO+
FC550 		X5
FC550RAW 	X5RAW
FC6510 		X4S
FC6520 		X5S
FC6540 		X7


[PHANTOM SERIES]
FC200 		Phantom 2 Vision
FC300C 		Phantom 3
FC300XW 	Phantom 3 Adv
FC300S 		Phantom 3 Pro
FC300SE 	Phantom 3 Pro v.2
FC300X 		Phantom 3 4K
FC330 		Phantom 4
FC6310 		Phantom 4 Pro





[OSMO & OSMO POCKET]

FC350Z      OSMO+ zoom
HG310       OSMO pocket
